[0m20:25:40.041098 [debug] [MainThread]: Sending event: {'category': 'dbt', 'action': 'invocation', 'label': 'start', 'context': [<snowplow_tracker.self_describing_json.SelfDescribingJson object at 0x00000180A605CD70>, <snowplow_tracker.self_describing_json.SelfDescribingJson object at 0x00000180A6FB3ED0>, <snowplow_tracker.self_describing_json.SelfDescribingJson object at 0x00000180A6FB3B10>]}


============================== 20:25:40.045666 | 2c17da05-7a7c-457b-8055-43712f3ea279 ==============================
[0m20:25:40.045666 [info ] [MainThread]: Running with dbt=1.11.0-rc1
[0m20:25:40.046552 [debug] [MainThread]: running dbt with arguments {'use_colors': 'True', 'profiles_dir': 'C:\\Users\\hamza\\.dbt', 'log_format': 'default', 'cache_selected_only': 'False', 'target_path': 'None', 'warn_error': 'None', 'log_path': 'logs', 'partial_parse': 'True', 'indirect_selection': 'eager', 'send_anonymous_usage_stats': 'True', 'static_parser': 'True', 'warn_error_options': 'WarnErrorOptionsV2(error=[], warn=[], silence=[])', 'fail_fast': 'False', 'version_check': 'True', 'use_experimental_parser': 'False', 'quiet': 'False', 'introspect': 'True', 'empty': 'None', 'log_cache_events': 'False', 'debug': 'False', 'no_print': 'None', 'invocation_command': 'dbt init case_study', 'printer_width': '80', 'write_json': 'True'}
[0m20:25:40.072841 [info ] [MainThread]: Creating dbt configuration folder at C:\Users\hamza\.dbt
[0m20:25:40.076232 [debug] [MainThread]: Starter project path: D:\Github Repositories\case-study\venv\Lib\site-packages\dbt\include\starter_project
[0m20:25:40.117128 [info ] [MainThread]: 
Your new dbt project "case_study" was created!

For more information on how to configure the profiles.yml file,
please consult the dbt documentation here:

  https://docs.getdbt.com/docs/configure-your-profile

One more thing:

Need help? Don't hesitate to reach out to us via GitHub issues or on Slack:

  https://community.getdbt.com/

Happy modeling!

[0m20:25:40.117702 [info ] [MainThread]: Setting up your profile.
[0m20:26:03.934938 [error] [MainThread]: Encountered an error:

[0m20:26:03.939285 [error] [MainThread]: Traceback (most recent call last):
  File "D:\Github Repositories\case-study\venv\Lib\site-packages\dbt\cli\requires.py", line 182, in wrapper
    result, success = func(*args, **kwargs)
                      ~~~~^^^^^^^^^^^^^^^^^
  File "D:\Github Repositories\case-study\venv\Lib\site-packages\dbt\cli\requires.py", line 128, in wrapper
    return func(*args, **kwargs)
  File "D:\Github Repositories\case-study\venv\Lib\site-packages\dbt\cli\main.py", line 483, in init
    results = task.run()
  File "D:\Github Repositories\case-study\venv\Lib\site-packages\dbt\task\init.py", line 346, in run
    self.setup_profile(profile_name)
    ~~~~~~~~~~~~~~~~~~^^^^^^^^^^^^^^
  File "D:\Github Repositories\case-study\venv\Lib\site-packages\dbt\task\init.py", line 262, in setup_profile
    self.create_profile_from_target(adapter, profile_name=profile_name)
    ~~~~~~~~~~~~~~~~~~~~~~~~~~~~~~~^^^^^^^^^^^^^^^^^^^^^^^^^^^^^^^^^^^^
  File "D:\Github Repositories\case-study\venv\Lib\site-packages\dbt\task\init.py", line 179, in create_profile_from_target
    self.create_profile_from_profile_template(profile_template, profile_name)
    ~~~~~~~~~~~~~~~~~~~~~~~~~~~~~~~~~~~~~~~~~^^^^^^^^^^^^^^^^^^^^^^^^^^^^^^^^
  File "D:\Github Repositories\case-study\venv\Lib\site-packages\dbt\task\init.py", line 163, in create_profile_from_profile_template
    target = self.generate_target_from_input(prompts, initial_target)
  File "D:\Github Repositories\case-study\venv\Lib\site-packages\dbt\task\init.py", line 113, in generate_target_from_input
    numeric_choice = click.prompt(prompt_msg, type=click.INT)
  File "D:\Github Repositories\case-study\venv\Lib\site-packages\click\termui.py", line 171, in prompt
    value = prompt_func(prompt)
  File "D:\Github Repositories\case-study\venv\Lib\site-packages\click\termui.py", line 154, in prompt_func
    raise Abort() from None
click.exceptions.Abort

[0m20:26:03.940904 [debug] [MainThread]: Command `dbt init` failed at 20:26:03.940770 after 24.01 seconds
[0m20:26:03.941360 [debug] [MainThread]: Sending event: {'category': 'dbt', 'action': 'invocation', 'label': 'end', 'context': [<snowplow_tracker.self_describing_json.SelfDescribingJson object at 0x00000180C7224770>, <snowplow_tracker.self_describing_json.SelfDescribingJson object at 0x00000180C7215490>, <snowplow_tracker.self_describing_json.SelfDescribingJson object at 0x00000180C719A250>]}
[0m20:26:03.941758 [debug] [MainThread]: Flushing usage events
[0m20:26:05.248592 [debug] [MainThread]: An error was encountered while trying to flush usage events
